Build started 5/21/2017 2:51:42 PM.
     1>Project "C:\Users\User\Desktop\MangeStudentForSchool\QuanLiSinhVien\QuanLiSinhVien\QLSV\QLSV.vcxproj" on node 2 (Build target(s)).
     1>ClCompile:
         C:\Program Files (x86)\Microsoft Visual Studio 12.0\VC\bin\x86_amd64\CL.exe /c /Zi /nologo /W3 /WX- /sdl /Od /D _MBCS /Gm /EHsc /RTC1 /MDd /GS /fp:precise /Zc:wchar_t /Zc:forScope /Fo"x64\Debug\\" /Fd"x64\Debug\vc120.pdb" /Gd /TP /errorReport:prompt LOP.cpp
         LOP.cpp
     1>LOP.cpp(30): warning C4267: 'argument' : conversion from 'size_t' to 'short', possible loss of data
     1>LOP.cpp(57): warning C4267: 'argument' : conversion from 'size_t' to 'short', possible loss of data
     1>LOP.cpp(61): warning C4267: 'argument' : conversion from 'size_t' to 'short', possible loss of data
     1>LOP.cpp(65): warning C4267: 'argument' : conversion from 'size_t' to 'short', possible loss of data
     1>LOP.cpp(69): warning C4267: 'argument' : conversion from 'size_t' to 'short', possible loss of data
     1>LOP.cpp(81): warning C4267: 'argument' : conversion from 'size_t' to 'short', possible loss of data
     1>LOP.cpp(85): warning C4267: 'argument' : conversion from 'size_t' to 'short', possible loss of data
     1>LOP.cpp(89): warning C4267: 'argument' : conversion from 'size_t' to 'short', possible loss of data
     1>LOP.cpp(93): warning C4267: 'argument' : conversion from 'size_t' to 'short', possible loss of data
     1>LOP.cpp(145): warning C4267: 'argument' : conversion from 'size_t' to 'short', possible loss of data
     1>LOP.cpp(196): warning C4267: 'argument' : conversion from 'size_t' to 'short', possible loss of data
     1>LOP.cpp(220): warning C4267: 'argument' : conversion from 'size_t' to 'short', possible loss of data
     1>LOP.cpp(244): warning C4267: 'argument' : conversion from 'size_t' to 'short', possible loss of data
     1>LOP.cpp(267): warning C4267: 'argument' : conversion from 'size_t' to 'short', possible loss of data
     1>LOP.cpp(711): warning C4267: 'argument' : conversion from 'size_t' to 'short', possible loss of data
     1>LOP.cpp(773): warning C4267: 'argument' : conversion from 'size_t' to 'short', possible loss of data
     1>LOP.cpp(810): warning C4267: 'argument' : conversion from 'size_t' to 'short', possible loss of data
     1>LOP.cpp(841): warning C4267: 'argument' : conversion from 'size_t' to 'short', possible loss of data
     1>LOP.cpp(875): warning C4267: 'argument' : conversion from 'size_t' to 'short', possible loss of data
     1>LOP.cpp(933): warning C4267: 'argument' : conversion from 'size_t' to 'short', possible loss of data
     1>LOP.cpp(980): warning C4267: 'argument' : conversion from 'size_t' to 'short', possible loss of data
     1>LOP.cpp(992): warning C4267: 'argument' : conversion from 'size_t' to 'short', possible loss of data
     1>LOP.cpp(1013): warning C4566: character represented by universal-character-name '\u0110' cannot be represented in the current code page (1252)
     1>LOP.cpp(1013): warning C4566: character represented by universal-character-name '\u1EED' cannot be represented in the current code page (1252)
     1>LOP.cpp(1016): warning C4267: 'argument' : conversion from 'size_t' to 'short', possible loss of data
     1>LOP.cpp(1041): warning C4267: 'argument' : conversion from 'size_t' to 'short', possible loss of data
     1>LOP.cpp(1055): warning C4267: 'argument' : conversion from 'size_t' to 'short', possible loss of data
     1>LOP.cpp(1059): warning C4267: 'argument' : conversion from 'size_t' to 'short', possible loss of data
     1>LOP.cpp(1063): warning C4267: 'argument' : conversion from 'size_t' to 'short', possible loss of data
     1>LOP.cpp(1067): warning C4267: 'argument' : conversion from 'size_t' to 'short', possible loss of data
     1>LOP.cpp(1079): warning C4267: 'argument' : conversion from 'size_t' to 'short', possible loss of data
     1>LOP.cpp(1083): warning C4267: 'argument' : conversion from 'size_t' to 'short', possible loss of data
     1>LOP.cpp(1087): warning C4267: 'argument' : conversion from 'size_t' to 'short', possible loss of data
     1>LOP.cpp(1091): warning C4267: 'argument' : conversion from 'size_t' to 'short', possible loss of data
       Link:
         C:\Program Files (x86)\Microsoft Visual Studio 12.0\VC\bin\x86_amd64\link.exe /ERRORREPORT:PROMPT /OUT:"C:\Users\User\Desktop\MangeStudentForSchool\QuanLiSinhVien\QuanLiSinhVien\x64\Debug\QLSV.exe" /INCREMENTAL /NOLOGO kernel32.lib user32.lib gdi32.lib winspool.lib comdlg32.lib advapi32.lib shell32.lib ole32.lib oleaut32.lib uuid.lib odbc32.lib odbccp32.lib /MANIFEST /MANIFESTUAC:"level='asInvoker' uiAccess='false'" /manifest:embed /PDB:"C:\Users\User\Desktop\MangeStudentForSchool\QuanLiSinhVien\QuanLiSinhVien\x64\Debug\QLSV.pdb" /TLBID:1 /DYNAMICBASE /NXCOMPAT /IMPLIB:"C:\Users\User\Desktop\MangeStudentForSchool\QuanLiSinhVien\QuanLiSinhVien\x64\Debug\QLSV.lib" /MACHINE:X64 x64\Debug\DIEM.obj
         x64\Debug\DSLOP.obj
         x64\Debug\DSMH.obj
         x64\Debug\LOP.obj
         x64\Debug\main.obj
         x64\Debug\MONHOC.obj
         x64\Debug\MyLibrary.obj
         x64\Debug\NODEDIEM.obj
         x64\Debug\NODEMH.obj
         x64\Debug\NODESV.obj
         x64\Debug\SINHVIEN.obj
         QLSV.vcxproj -> C:\Users\User\Desktop\MangeStudentForSchool\QuanLiSinhVien\QuanLiSinhVien\x64\Debug\QLSV.exe
     1>Done Building Project "C:\Users\User\Desktop\MangeStudentForSchool\QuanLiSinhVien\QuanLiSinhVien\QLSV\QLSV.vcxproj" (Build target(s)).

Build succeeded.

Time Elapsed 00:00:01.37
