c:\users\user\desktop\new folder (2)\quanlisinhvien\qlsv\x64\debug\vc120.pdb
c:\users\user\desktop\new folder (2)\quanlisinhvien\qlsv\x64\debug\vc120.idb
c:\users\user\desktop\new folder (2)\quanlisinhvien\qlsv\x64\debug\diem.obj
c:\users\user\desktop\new folder (2)\quanlisinhvien\qlsv\x64\debug\dslop.obj
c:\users\user\desktop\new folder (2)\quanlisinhvien\qlsv\x64\debug\dsmh.obj
c:\users\user\desktop\new folder (2)\quanlisinhvien\qlsv\x64\debug\lop.obj
c:\users\user\desktop\new folder (2)\quanlisinhvien\qlsv\x64\debug\main.obj
c:\users\user\desktop\new folder (2)\quanlisinhvien\qlsv\x64\debug\monhoc.obj
c:\users\user\desktop\new folder (2)\quanlisinhvien\qlsv\x64\debug\mylibrary.obj
c:\users\user\desktop\new folder (2)\quanlisinhvien\qlsv\x64\debug\nodediem.obj
c:\users\user\desktop\new folder (2)\quanlisinhvien\qlsv\x64\debug\nodemh.obj
c:\users\user\desktop\new folder (2)\quanlisinhvien\qlsv\x64\debug\nodesv.obj
c:\users\user\desktop\new folder (2)\quanlisinhvien\qlsv\x64\debug\sinhvien.obj
c:\users\user\desktop\new folder (2)\quanlisinhvien\x64\debug\qlsv.ilk
c:\users\user\desktop\new folder (2)\quanlisinhvien\x64\debug\qlsv.exe
c:\users\user\desktop\new folder (2)\quanlisinhvien\qlsv\x64\debug\qlsv.tlog\cl.command.1.tlog
c:\users\user\desktop\new folder (2)\quanlisinhvien\qlsv\x64\debug\qlsv.tlog\cl.read.1.tlog
c:\users\user\desktop\new folder (2)\quanlisinhvien\qlsv\x64\debug\qlsv.tlog\cl.write.1.tlog
c:\users\user\desktop\new folder (2)\quanlisinhvien\qlsv\x64\debug\qlsv.tlog\link.command.1.tlog
c:\users\user\desktop\new folder (2)\quanlisinhvien\qlsv\x64\debug\qlsv.tlog\link.read.1.tlog
c:\users\user\desktop\new folder (2)\quanlisinhvien\qlsv\x64\debug\qlsv.tlog\link.write.1.tlog
