c:\users\huong thu tran\desktop\qlsv\quanlisinhvien\quanlisinhvien\qlsv\debug\vc140.pdb
c:\users\huong thu tran\desktop\qlsv\quanlisinhvien\quanlisinhvien\qlsv\debug\vc140.idb
c:\users\huong thu tran\desktop\qlsv\quanlisinhvien\quanlisinhvien\qlsv\debug\diem.obj
c:\users\huong thu tran\desktop\qlsv\quanlisinhvien\quanlisinhvien\qlsv\debug\dslop.obj
c:\users\huong thu tran\desktop\qlsv\quanlisinhvien\quanlisinhvien\qlsv\debug\dsmonhoc.obj
c:\users\huong thu tran\desktop\qlsv\quanlisinhvien\quanlisinhvien\qlsv\debug\lop.obj
c:\users\huong thu tran\desktop\qlsv\quanlisinhvien\quanlisinhvien\qlsv\debug\main.obj
c:\users\huong thu tran\desktop\qlsv\quanlisinhvien\quanlisinhvien\qlsv\debug\monhoc.obj
c:\users\huong thu tran\desktop\qlsv\quanlisinhvien\quanlisinhvien\qlsv\debug\mylibrary.obj
c:\users\huong thu tran\desktop\qlsv\quanlisinhvien\quanlisinhvien\qlsv\debug\nodediem.obj
c:\users\huong thu tran\desktop\qlsv\quanlisinhvien\quanlisinhvien\qlsv\debug\nodemh.obj
c:\users\huong thu tran\desktop\qlsv\quanlisinhvien\quanlisinhvien\qlsv\debug\nodesv.obj
c:\users\huong thu tran\desktop\qlsv\quanlisinhvien\quanlisinhvien\qlsv\debug\sinhvien.obj
c:\users\huong thu tran\desktop\qlsv\quanlisinhvien\quanlisinhvien\debug\qlsv.ilk
c:\users\huong thu tran\desktop\qlsv\quanlisinhvien\quanlisinhvien\debug\qlsv.exe
c:\users\huong thu tran\desktop\qlsv\quanlisinhvien\quanlisinhvien\debug\qlsv.pdb
c:\users\huong thu tran\desktop\qlsv\quanlisinhvien\quanlisinhvien\qlsv\debug\dsmh.obj
c:\users\huong thu tran\desktop\qlsv\quanlisinhvien\quanlisinhvien\qlsv\debug\menu.obj
c:\users\huong thu tran\desktop\qlsv\quanlisinhvien\quanlisinhvien\qlsv\debug\dslop.obj.enc
c:\users\huong thu tran\desktop\qlsv\quanlisinhvien\quanlisinhvien\qlsv\debug\dsmonhoc.obj.enc
c:\users\huong thu tran\desktop\qlsv\quanlisinhvien\quanlisinhvien\qlsv\debug\lop.obj.enc
c:\users\huong thu tran\desktop\qlsv\quanlisinhvien\quanlisinhvien\qlsv\debug\main.obj.enc
c:\users\huong thu tran\desktop\qlsv\quanlisinhvien\quanlisinhvien\qlsv\debug\mylibrary.obj.enc
c:\users\huong thu tran\desktop\qlsv\quanlisinhvien\quanlisinhvien\qlsv\debug\nodesv.obj.enc
c:\users\huong thu tran\desktop\qlsv\quanlisinhvien\quanlisinhvien\qlsv\debug\sinhvien.obj.enc
c:\users\huong thu tran\desktop\qlsv\quanlisinhvien\quanlisinhvien\qlsv\debug\qlsv.tlog\cl.command.1.tlog
c:\users\huong thu tran\desktop\qlsv\quanlisinhvien\quanlisinhvien\qlsv\debug\qlsv.tlog\cl.read.1.tlog
c:\users\huong thu tran\desktop\qlsv\quanlisinhvien\quanlisinhvien\qlsv\debug\qlsv.tlog\cl.write.1.tlog
c:\users\huong thu tran\desktop\qlsv\quanlisinhvien\quanlisinhvien\qlsv\debug\qlsv.tlog\link.command.1.tlog
c:\users\huong thu tran\desktop\qlsv\quanlisinhvien\quanlisinhvien\qlsv\debug\qlsv.tlog\link.read.1.tlog
c:\users\huong thu tran\desktop\qlsv\quanlisinhvien\quanlisinhvien\qlsv\debug\qlsv.tlog\link.write.1.tlog
